[I 2025-06-19 07:28:16.490 ServerApp] jupyter_lsp | extension was successfully linked.
[I 2025-06-19 07:28:16.493 ServerApp] jupyter_server_terminals | extension was successfully linked.
[W 2025-06-19 07:28:16.495 LabApp] 'token' has moved from NotebookApp to ServerApp. This config will be passed to ServerApp. Be sure to update your config before our next release.
[W 2025-06-19 07:28:16.495 LabApp] 'password' has moved from NotebookApp to ServerApp. This config will be passed to ServerApp. Be sure to update your config before our next release.
[W 2025-06-19 07:28:16.498 ServerApp] ServerApp.token config is deprecated in 2.0. Use IdentityProvider.token.
[I 2025-06-19 07:28:16.498 ServerApp] jupyterlab | extension was successfully linked.
[I 2025-06-19 07:28:16.502 ServerApp] notebook | extension was successfully linked.
[I 2025-06-19 07:28:16.503 ServerApp] Writing Jupyter server cookie secret to /home/geoffbrown/.local/share/jupyter/runtime/jupyter_cookie_secret
[I 2025-06-19 07:28:16.698 ServerApp] notebook_shim | extension was successfully linked.
[W 2025-06-19 07:28:16.721 ServerApp] All authentication is disabled.  Anyone who can connect to this server will be able to run code.
[I 2025-06-19 07:28:16.721 ServerApp] notebook_shim | extension was successfully loaded.
[I 2025-06-19 07:28:16.723 ServerApp] jupyter_lsp | extension was successfully loaded.
[I 2025-06-19 07:28:16.724 ServerApp] jupyter_server_terminals | extension was successfully loaded.
[I 2025-06-19 07:28:16.729 LabApp] JupyterLab extension loaded from /home/geoffbrown/github/Northlakelabs/venv/lib/python3.13/site-packages/jupyterlab
[I 2025-06-19 07:28:16.729 LabApp] JupyterLab application directory is /home/geoffbrown/github/Northlakelabs/venv/share/jupyter/lab
[I 2025-06-19 07:28:16.730 LabApp] Extension Manager is 'pypi'.
[I 2025-06-19 07:28:16.765 ServerApp] jupyterlab | extension was successfully loaded.
[I 2025-06-19 07:28:16.769 ServerApp] notebook | extension was successfully loaded.
[I 2025-06-19 07:28:16.769 ServerApp] Serving notebooks from local directory: /home/geoffbrown/github/Northlakelabs/scripts/ground-truth-annotation
[I 2025-06-19 07:28:16.769 ServerApp] Jupyter Server 2.16.0 is running at:
[I 2025-06-19 07:28:16.769 ServerApp] http://AESTHETIC:8888/lab
[I 2025-06-19 07:28:16.769 ServerApp]     http://127.0.0.1:8888/lab
[I 2025-06-19 07:28:16.769 ServerApp] Use Control-C to stop this server and shut down all kernels (twice to skip confirmation).
[I 2025-06-19 07:28:17.223 ServerApp] Skipped non-installed server(s): bash-language-server, dockerfile-language-server-nodejs, javascript-typescript-langserver, jedi-language-server, julia-language-server, pyright, python-language-server, python-lsp-server, r-languageserver, sql-language-server, texlab, typescript-language-server, unified-language-server, vscode-css-languageserver-bin, vscode-html-languageserver-bin, vscode-json-languageserver-bin, yaml-language-server
[I 2025-06-19 07:28:38.506 ServerApp] 302 GET /?id=d578b342-be6a-473d-8493-bd0ae8f0ed75&vscodeBrowserReqId=[secret] (@127.0.0.1) 0.60ms
[I 2025-06-19 07:29:02.024 ServerApp] 302 GET /?id=d578b342-be6a-473d-8493-bd0ae8f0ed75&vscodeBrowserReqId=[secret] (@127.0.0.1) 0.29ms
[I 2025-06-19 07:38:32.695 ServerApp] 302 GET / (@127.0.0.1) 0.51ms
